build/app/intermediates/manifest_merge_blame_file/debug/manifest-merger-blame-debug-report.txt
1<?xml version="1.0" encoding="utf-8"?>
2<manifest xmlns:android="http://schemas.android.com/apk/res/android"
3    package="com.example.proto"
4    android:versionCode="1"
5    android:versionName="1.0" >
6
7    <uses-sdk
8        android:minSdkVersion="26"
9        android:targetSdkVersion="34" />
10    <!--
11         The INTERNET permission is required for development. Specifically,
12         the Flutter tool needs it to communicate with the running application
13         to allow setting breakpoints, to provide hot reload, etc.
14    -->
15    <uses-permission android:name="android.permission.INTERNET" />
15-->src\debug\AndroidManifest.xml:6:5-66
15-->src\debug\AndroidManifest.xml:6:22-64
16    <!--
17     Required to query activities that can process text, see:
18         https://developer.android.com/training/package-visibility and
19         https://developer.android.com/reference/android/content/Intent#ACTION_PROCESS_TEXT.
20
21         In particular, this is used by the Flutter engine in io.flutter.plugin.text.ProcessTextPlugin.
22    -->
23    <queries>
23-->src\main\AndroidManifest.xml:39:5-44:15
24        <intent>
24-->src\main\AndroidManifest.xml:40:9-43:18
25            <action android:name="android.intent.action.PROCESS_TEXT" />
25-->src\main\AndroidManifest.xml:41:13-72
25-->src\main\AndroidManifest.xml:41:21-70
26
27            <data android:mimeType="text/plain" />
27-->src\main\AndroidManifest.xml:42:13-50
27-->src\main\AndroidManifest.xml:42:19-48
28        </intent>
29    </queries>
30
31    <uses-permission android:name="android.permission.ACCESS_NETWORK_STATE" />
31-->[com.google.firebase:firebase-auth:23.2.0] AndroidManifest.xml:26:5-79
31-->[com.google.firebase:firebase-auth:23.2.0] AndroidManifest.xml:26:22-76
32    <uses-permission android:name="com.google.android.providers.gsf.permission.READ_GSERVICES" />
32-->[com.google.android.recaptcha:recaptcha:18.6.1] AndroidManifest.xml:9:5-98
32-->[com.google.android.recaptcha:recaptcha:18.6.1] AndroidManifest.xml:9:22-95
33
34    <permission
34-->[androidx.core:core:1.13.1] AndroidManifest.xml:22:5-24:47
35        android:name="com.example.proto.DYNAMIC_RECEIVER_NOT_EXPORTED_PERMISSION"
35-->[androidx.core:core:1.13.1] AndroidManifest.xml:23:9-81
36        android:protectionLevel="signature" />
36-->[androidx.core:core:1.13.1] AndroidManifest.xml:24:9-44
37
38    <uses-permission android:name="com.example.proto.DYNAMIC_RECEIVER_NOT_EXPORTED_PERMISSION" />
38-->[androidx.core:core:1.13.1] AndroidManifest.xml:26:5-97
38-->[androidx.core:core:1.13.1] AndroidManifest.xml:26:22-94
39
40    <application
41        android:name="android.app.Application"
42        android:appComponentFactory="androidx.core.app.CoreComponentFactory"
42-->[androidx.core:core:1.13.1] AndroidManifest.xml:28:18-86
43        android:debuggable="true"
44        android:extractNativeLibs="false"
45        android:icon="@mipmap/ic_launcher"
46        android:label="proto" >
47        <activity
48            android:name="com.example.proto.MainActivity"
49            android:configChanges="orientation|keyboardHidden|keyboard|screenSize|smallestScreenSize|locale|layoutDirection|fontScale|screenLayout|density|uiMode"
50            android:exported="true"
51            android:hardwareAccelerated="true"
52            android:launchMode="singleTop"
53            android:taskAffinity=""
54            android:theme="@style/LaunchTheme"
55            android:windowSoftInputMode="adjustResize" >
56
57            <!--
58                 Specifies an Android theme to apply to this Activity as soon as
59                 the Android process has started. This theme is visible to the user
60                 while the Flutter UI initializes. After that, this theme continues
61                 to determine the Window background behind the Flutter UI.
62            -->
63            <meta-data
64                android:name="io.flutter.embedding.android.NormalTheme"
65                android:resource="@style/NormalTheme" />
66
67            <intent-filter>
68                <action android:name="android.intent.action.MAIN" />
69
70                <category android:name="android.intent.category.LAUNCHER" />
71            </intent-filter>
72        </activity>
73        <!--
74             Don't delete the meta-data below.
75             This is used by the Flutter tool to generate GeneratedPluginRegistrant.java
76        -->
77        <meta-data
78            android:name="flutterEmbedding"
79            android:value="2" />
80
81        <service
81-->[:cloud_firestore] AndroidManifest.xml:8:9-12:19
82            android:name="com.google.firebase.components.ComponentDiscoveryService"
82-->[:cloud_firestore] AndroidManifest.xml:8:18-89
83            android:directBootAware="true"
83-->[com.google.firebase:firebase-common:21.0.0] AndroidManifest.xml:32:13-43
84            android:exported="false" >
84-->[com.google.firebase:firebase-auth-ktx:23.2.0] AndroidManifest.xml:10:13-37
85            <meta-data
85-->[:cloud_firestore] AndroidManifest.xml:9:13-11:85
86                android:name="com.google.firebase.components:io.flutter.plugins.firebase.firestore.FlutterFirebaseFirestoreRegistrar"
86-->[:cloud_firestore] AndroidManifest.xml:10:17-134
87                android:value="com.google.firebase.components.ComponentRegistrar" />
87-->[:cloud_firestore] AndroidManifest.xml:11:17-82
88            <meta-data
88-->[:firebase_auth] AndroidManifest.xml:9:13-11:85
89                android:name="com.google.firebase.components:io.flutter.plugins.firebase.auth.FlutterFirebaseAuthRegistrar"
89-->[:firebase_auth] AndroidManifest.xml:10:17-124
90                android:value="com.google.firebase.components.ComponentRegistrar" />
90-->[:firebase_auth] AndroidManifest.xml:11:17-82
91            <meta-data
91-->[:firebase_core] AndroidManifest.xml:9:13-11:85
92                android:name="com.google.firebase.components:io.flutter.plugins.firebase.core.FlutterFirebaseCoreRegistrar"
92-->[:firebase_core] AndroidManifest.xml:10:17-124
93                android:value="com.google.firebase.components.ComponentRegistrar" />
93-->[:firebase_core] AndroidManifest.xml:11:17-82
94            <meta-data
94-->[com.google.firebase:firebase-auth-ktx:23.2.0] AndroidManifest.xml:11:13-13:85
95                android:name="com.google.firebase.components:com.google.firebase.auth.ktx.FirebaseAuthLegacyRegistrar"
95-->[com.google.firebase:firebase-auth-ktx:23.2.0] AndroidManifest.xml:12:17-119
96                android:value="com.google.firebase.components.ComponentRegistrar" />
96-->[com.google.firebase:firebase-auth-ktx:23.2.0] AndroidManifest.xml:13:17-82
97            <meta-data
97-->[com.google.firebase:firebase-auth:23.2.0] AndroidManifest.xml:69:13-71:85
98                android:name="com.google.firebase.components:com.google.firebase.auth.FirebaseAuthRegistrar"
98-->[com.google.firebase:firebase-auth:23.2.0] AndroidManifest.xml:70:17-109
99                android:value="com.google.firebase.components.ComponentRegistrar" />
99-->[com.google.firebase:firebase-auth:23.2.0] AndroidManifest.xml:71:17-82
100            <meta-data
100-->[com.google.firebase:firebase-firestore-ktx:25.1.2] AndroidManifest.xml:12:13-14:85
101                android:name="com.google.firebase.components:com.google.firebase.firestore.ktx.FirebaseFirestoreLegacyRegistrar"
101-->[com.google.firebase:firebase-firestore-ktx:25.1.2] AndroidManifest.xml:13:17-129
102                android:value="com.google.firebase.components.ComponentRegistrar" />
102-->[com.google.firebase:firebase-firestore-ktx:25.1.2] AndroidManifest.xml:14:17-82
103            <meta-data
103-->[com.google.firebase:firebase-firestore:25.1.2] AndroidManifest.xml:17:13-19:85
104                android:name="com.google.firebase.components:com.google.firebase.firestore.FirebaseFirestoreKtxRegistrar"
104-->[com.google.firebase:firebase-firestore:25.1.2] AndroidManifest.xml:18:17-122
105                android:value="com.google.firebase.components.ComponentRegistrar" />
105-->[com.google.firebase:firebase-firestore:25.1.2] AndroidManifest.xml:19:17-82
106            <meta-data
106-->[com.google.firebase:firebase-firestore:25.1.2] AndroidManifest.xml:20:13-22:85
107                android:name="com.google.firebase.components:com.google.firebase.firestore.FirestoreRegistrar"
107-->[com.google.firebase:firebase-firestore:25.1.2] AndroidManifest.xml:21:17-111
108                android:value="com.google.firebase.components.ComponentRegistrar" />
108-->[com.google.firebase:firebase-firestore:25.1.2] AndroidManifest.xml:22:17-82
109            <meta-data
109-->[com.google.firebase:firebase-common-ktx:21.0.0] AndroidManifest.xml:12:13-14:85
110                android:name="com.google.firebase.components:com.google.firebase.ktx.FirebaseCommonLegacyRegistrar"
110-->[com.google.firebase:firebase-common-ktx:21.0.0] AndroidManifest.xml:13:17-116
111                android:value="com.google.firebase.components.ComponentRegistrar" />
111-->[com.google.firebase:firebase-common-ktx:21.0.0] AndroidManifest.xml:14:17-82
112            <meta-data
112-->[com.google.firebase:firebase-common:21.0.0] AndroidManifest.xml:35:13-37:85
113                android:name="com.google.firebase.components:com.google.firebase.FirebaseCommonKtxRegistrar"
113-->[com.google.firebase:firebase-common:21.0.0] AndroidManifest.xml:36:17-109
114                android:value="com.google.firebase.components.ComponentRegistrar" />
114-->[com.google.firebase:firebase-common:21.0.0] AndroidManifest.xml:37:17-82
115        </service>
116
117        <activity
117-->[com.google.firebase:firebase-auth:23.2.0] AndroidManifest.xml:29:9-46:20
118            android:name="com.google.firebase.auth.internal.GenericIdpActivity"
118-->[com.google.firebase:firebase-auth:23.2.0] AndroidManifest.xml:30:13-80
119            android:excludeFromRecents="true"
119-->[com.google.firebase:firebase-auth:23.2.0] AndroidManifest.xml:31:13-46
120            android:exported="true"
120-->[com.google.firebase:firebase-auth:23.2.0] AndroidManifest.xml:32:13-36
121            android:launchMode="singleTask"
121-->[com.google.firebase:firebase-auth:23.2.0] AndroidManifest.xml:33:13-44
122            android:theme="@android:style/Theme.Translucent.NoTitleBar" >
122-->[com.google.firebase:firebase-auth:23.2.0] AndroidManifest.xml:34:13-72
123            <intent-filter>
123-->[com.google.firebase:firebase-auth:23.2.0] AndroidManifest.xml:35:13-45:29
124                <action android:name="android.intent.action.VIEW" />
124-->[com.google.firebase:firebase-auth:23.2.0] AndroidManifest.xml:36:17-69
124-->[com.google.firebase:firebase-auth:23.2.0] AndroidManifest.xml:36:25-66
125
126                <category android:name="android.intent.category.DEFAULT" />
126-->[com.google.firebase:firebase-auth:23.2.0] AndroidManifest.xml:38:17-76
126-->[com.google.firebase:firebase-auth:23.2.0] AndroidManifest.xml:38:27-73
127                <category android:name="android.intent.category.BROWSABLE" />
127-->[com.google.firebase:firebase-auth:23.2.0] AndroidManifest.xml:39:17-78
127-->[com.google.firebase:firebase-auth:23.2.0] AndroidManifest.xml:39:27-75
128
129                <data
129-->src\main\AndroidManifest.xml:42:13-50
130                    android:host="firebase.auth"
131                    android:path="/"
132                    android:scheme="genericidp" />
133            </intent-filter>
134        </activity>
135        <activity
135-->[com.google.firebase:firebase-auth:23.2.0] AndroidManifest.xml:47:9-64:20
136            android:name="com.google.firebase.auth.internal.RecaptchaActivity"
136-->[com.google.firebase:firebase-auth:23.2.0] AndroidManifest.xml:48:13-79
137            android:excludeFromRecents="true"
137-->[com.google.firebase:firebase-auth:23.2.0] AndroidManifest.xml:49:13-46
138            android:exported="true"
138-->[com.google.firebase:firebase-auth:23.2.0] AndroidManifest.xml:50:13-36
139            android:launchMode="singleTask"
139-->[com.google.firebase:firebase-auth:23.2.0] AndroidManifest.xml:51:13-44
140            android:theme="@android:style/Theme.Translucent.NoTitleBar" >
140-->[com.google.firebase:firebase-auth:23.2.0] AndroidManifest.xml:52:13-72
141            <intent-filter>
141-->[com.google.firebase:firebase-auth:23.2.0] AndroidManifest.xml:53:13-63:29
142                <action android:name="android.intent.action.VIEW" />
142-->[com.google.firebase:firebase-auth:23.2.0] AndroidManifest.xml:36:17-69
142-->[com.google.firebase:firebase-auth:23.2.0] AndroidManifest.xml:36:25-66
143
144                <category android:name="android.intent.category.DEFAULT" />
144-->[com.google.firebase:firebase-auth:23.2.0] AndroidManifest.xml:38:17-76
144-->[com.google.firebase:firebase-auth:23.2.0] AndroidManifest.xml:38:27-73
145                <category android:name="android.intent.category.BROWSABLE" />
145-->[com.google.firebase:firebase-auth:23.2.0] AndroidManifest.xml:39:17-78
145-->[com.google.firebase:firebase-auth:23.2.0] AndroidManifest.xml:39:27-75
146
147                <data
147-->src\main\AndroidManifest.xml:42:13-50
148                    android:host="firebase.auth"
149                    android:path="/"
150                    android:scheme="recaptcha" />
151            </intent-filter>
152        </activity>
153
154        <provider
154-->[com.google.firebase:firebase-common:21.0.0] AndroidManifest.xml:23:9-28:39
155            android:name="com.google.firebase.provider.FirebaseInitProvider"
155-->[com.google.firebase:firebase-common:21.0.0] AndroidManifest.xml:24:13-77
156            android:authorities="com.example.proto.firebaseinitprovider"
156-->[com.google.firebase:firebase-common:21.0.0] AndroidManifest.xml:25:13-72
157            android:directBootAware="true"
157-->[com.google.firebase:firebase-common:21.0.0] AndroidManifest.xml:26:13-43
158            android:exported="false"
158-->[com.google.firebase:firebase-common:21.0.0] AndroidManifest.xml:27:13-37
159            android:initOrder="100" />
159-->[com.google.firebase:firebase-common:21.0.0] AndroidManifest.xml:28:13-36
160
161        <uses-library
161-->[androidx.window:window:1.2.0] AndroidManifest.xml:23:9-25:40
162            android:name="androidx.window.extensions"
162-->[androidx.window:window:1.2.0] AndroidManifest.xml:24:13-54
163            android:required="false" />
163-->[androidx.window:window:1.2.0] AndroidManifest.xml:25:13-37
164        <uses-library
164-->[androidx.window:window:1.2.0] AndroidManifest.xml:26:9-28:40
165            android:name="androidx.window.sidecar"
165-->[androidx.window:window:1.2.0] AndroidManifest.xml:27:13-51
166            android:required="false" />
166-->[androidx.window:window:1.2.0] AndroidManifest.xml:28:13-37
167
168        <service
168-->[androidx.credentials:credentials-play-services-auth:1.2.0-rc01] AndroidManifest.xml:24:9-32:19
169            android:name="androidx.credentials.playservices.CredentialProviderMetadataHolder"
169-->[androidx.credentials:credentials-play-services-auth:1.2.0-rc01] AndroidManifest.xml:25:13-94
170            android:enabled="true"
170-->[androidx.credentials:credentials-play-services-auth:1.2.0-rc01] AndroidManifest.xml:26:13-35
171            android:exported="false" >
171-->[androidx.credentials:credentials-play-services-auth:1.2.0-rc01] AndroidManifest.xml:27:13-37
172            <meta-data
172-->[androidx.credentials:credentials-play-services-auth:1.2.0-rc01] AndroidManifest.xml:29:13-31:104
173                android:name="androidx.credentials.CREDENTIAL_PROVIDER_KEY"
173-->[androidx.credentials:credentials-play-services-auth:1.2.0-rc01] AndroidManifest.xml:30:17-76
174                android:value="androidx.credentials.playservices.CredentialProviderPlayServicesImpl" />
174-->[androidx.credentials:credentials-play-services-auth:1.2.0-rc01] AndroidManifest.xml:31:17-101
175        </service>
176
177        <activity
177-->[androidx.credentials:credentials-play-services-auth:1.2.0-rc01] AndroidManifest.xml:34:9-41:20
178            android:name="androidx.credentials.playservices.HiddenActivity"
178-->[androidx.credentials:credentials-play-services-auth:1.2.0-rc01] AndroidManifest.xml:35:13-76
179            android:configChanges="orientation|screenSize|screenLayout|keyboardHidden"
179-->[androidx.credentials:credentials-play-services-auth:1.2.0-rc01] AndroidManifest.xml:36:13-87
180            android:enabled="true"
180-->[androidx.credentials:credentials-play-services-auth:1.2.0-rc01] AndroidManifest.xml:37:13-35
181            android:exported="false"
181-->[androidx.credentials:credentials-play-services-auth:1.2.0-rc01] AndroidManifest.xml:38:13-37
182            android:fitsSystemWindows="true"
182-->[androidx.credentials:credentials-play-services-auth:1.2.0-rc01] AndroidManifest.xml:39:13-45
183            android:theme="@style/Theme.Hidden" >
183-->[androidx.credentials:credentials-play-services-auth:1.2.0-rc01] AndroidManifest.xml:40:13-48
184        </activity>
185        <activity
185-->[com.google.android.gms:play-services-auth:20.7.0] AndroidManifest.xml:23:9-27:75
186            android:name="com.google.android.gms.auth.api.signin.internal.SignInHubActivity"
186-->[com.google.android.gms:play-services-auth:20.7.0] AndroidManifest.xml:24:13-93
187            android:excludeFromRecents="true"
187-->[com.google.android.gms:play-services-auth:20.7.0] AndroidManifest.xml:25:13-46
188            android:exported="false"
188-->[com.google.android.gms:play-services-auth:20.7.0] AndroidManifest.xml:26:13-37
189            android:theme="@android:style/Theme.Translucent.NoTitleBar" />
189-->[com.google.android.gms:play-services-auth:20.7.0] AndroidManifest.xml:27:13-72
190        <!--
191            Service handling Google Sign-In user revocation. For apps that do not integrate with
192            Google Sign-In, this service will never be started.
193        -->
194        <service
194-->[com.google.android.gms:play-services-auth:20.7.0] AndroidManifest.xml:33:9-37:51
195            android:name="com.google.android.gms.auth.api.signin.RevocationBoundService"
195-->[com.google.android.gms:play-services-auth:20.7.0] AndroidManifest.xml:34:13-89
196            android:exported="true"
196-->[com.google.android.gms:play-services-auth:20.7.0] AndroidManifest.xml:35:13-36
197            android:permission="com.google.android.gms.auth.api.signin.permission.REVOCATION_NOTIFICATION"
197-->[com.google.android.gms:play-services-auth:20.7.0] AndroidManifest.xml:36:13-107
198            android:visibleToInstantApps="true" />
198-->[com.google.android.gms:play-services-auth:20.7.0] AndroidManifest.xml:37:13-48
199
200        <activity
200-->[com.google.android.gms:play-services-base:18.1.0] AndroidManifest.xml:20:9-22:45
201            android:name="com.google.android.gms.common.api.GoogleApiActivity"
201-->[com.google.android.gms:play-services-base:18.1.0] AndroidManifest.xml:20:19-85
202            android:exported="false"
202-->[com.google.android.gms:play-services-base:18.1.0] AndroidManifest.xml:22:19-43
203            android:theme="@android:style/Theme.Translucent.NoTitleBar" />
203-->[com.google.android.gms:play-services-base:18.1.0] AndroidManifest.xml:21:19-78
204
205        <provider
205-->[androidx.lifecycle:lifecycle-process:2.7.0] AndroidManifest.xml:24:9-32:20
206            android:name="androidx.startup.InitializationProvider"
206-->[androidx.lifecycle:lifecycle-process:2.7.0] AndroidManifest.xml:25:13-67
207            android:authorities="com.example.proto.androidx-startup"
207-->[androidx.lifecycle:lifecycle-process:2.7.0] AndroidManifest.xml:26:13-68
208            android:exported="false" >
208-->[androidx.lifecycle:lifecycle-process:2.7.0] AndroidManifest.xml:27:13-37
209            <meta-data
209-->[androidx.lifecycle:lifecycle-process:2.7.0] AndroidManifest.xml:29:13-31:52
210                android:name="androidx.lifecycle.ProcessLifecycleInitializer"
210-->[androidx.lifecycle:lifecycle-process:2.7.0] AndroidManifest.xml:30:17-78
211                android:value="androidx.startup" />
211-->[androidx.lifecycle:lifecycle-process:2.7.0] AndroidManifest.xml:31:17-49
212            <meta-data
212-->[androidx.profileinstaller:profileinstaller:1.3.1] AndroidManifest.xml:29:13-31:52
213                android:name="androidx.profileinstaller.ProfileInstallerInitializer"
213-->[androidx.profileinstaller:profileinstaller:1.3.1] AndroidManifest.xml:30:17-85
214                android:value="androidx.startup" />
214-->[androidx.profileinstaller:profileinstaller:1.3.1] AndroidManifest.xml:31:17-49
215        </provider>
216
217        <meta-data
217-->[com.google.android.gms:play-services-basement:18.4.0] AndroidManifest.xml:6:9-122
218            android:name="com.google.android.gms.version"
218-->[com.google.android.gms:play-services-basement:18.4.0] AndroidManifest.xml:6:20-65
219            android:value="@integer/google_play_services_version" />
219-->[com.google.android.gms:play-services-basement:18.4.0] AndroidManifest.xml:6:66-119
220
221        <receiver
221-->[androidx.profileinstaller:profileinstaller:1.3.1] AndroidManifest.xml:34:9-52:20
222            android:name="androidx.profileinstaller.ProfileInstallReceiver"
222-->[androidx.profileinstaller:profileinstaller:1.3.1] AndroidManifest.xml:35:13-76
223            android:directBootAware="false"
223-->[androidx.profileinstaller:profileinstaller:1.3.1] AndroidManifest.xml:36:13-44
224            android:enabled="true"
224-->[androidx.profileinstaller:profileinstaller:1.3.1] AndroidManifest.xml:37:13-35
225            android:exported="true"
225-->[androidx.profileinstaller:profileinstaller:1.3.1] AndroidManifest.xml:38:13-36
226            android:permission="android.permission.DUMP" >
226-->[androidx.profileinstaller:profileinstaller:1.3.1] AndroidManifest.xml:39:13-57
227            <intent-filter>
227-->[androidx.profileinstaller:profileinstaller:1.3.1] AndroidManifest.xml:40:13-42:29
228                <action android:name="androidx.profileinstaller.action.INSTALL_PROFILE" />
228-->[androidx.profileinstaller:profileinstaller:1.3.1] AndroidManifest.xml:41:17-91
228-->[androidx.profileinstaller:profileinstaller:1.3.1] AndroidManifest.xml:41:25-88
229            </intent-filter>
230            <intent-filter>
230-->[androidx.profileinstaller:profileinstaller:1.3.1] AndroidManifest.xml:43:13-45:29
231                <action android:name="androidx.profileinstaller.action.SKIP_FILE" />
231-->[androidx.profileinstaller:profileinstaller:1.3.1] AndroidManifest.xml:44:17-85
231-->[androidx.profileinstaller:profileinstaller:1.3.1] AndroidManifest.xml:44:25-82
232            </intent-filter>
233            <intent-filter>
233-->[androidx.profileinstaller:profileinstaller:1.3.1] AndroidManifest.xml:46:13-48:29
234                <action android:name="androidx.profileinstaller.action.SAVE_PROFILE" />
234-->[androidx.profileinstaller:profileinstaller:1.3.1] AndroidManifest.xml:47:17-88
234-->[androidx.profileinstaller:profileinstaller:1.3.1] AndroidManifest.xml:47:25-85
235            </intent-filter>
236            <intent-filter>
236-->[androidx.profileinstaller:profileinstaller:1.3.1] AndroidManifest.xml:49:13-51:29
237                <action android:name="androidx.profileinstaller.action.BENCHMARK_OPERATION" />
237-->[androidx.profileinstaller:profileinstaller:1.3.1] AndroidManifest.xml:50:17-95
237-->[androidx.profileinstaller:profileinstaller:1.3.1] AndroidManifest.xml:50:25-92
238            </intent-filter>
239        </receiver> <!-- The activities will be merged into the manifest of the hosting app. -->
240        <activity
240-->[com.google.android.play:core-common:2.0.3] AndroidManifest.xml:14:9-18:65
241            android:name="com.google.android.play.core.common.PlayCoreDialogWrapperActivity"
241-->[com.google.android.play:core-common:2.0.3] AndroidManifest.xml:15:13-93
242            android:exported="false"
242-->[com.google.android.play:core-common:2.0.3] AndroidManifest.xml:16:13-37
243            android:stateNotNeeded="true"
243-->[com.google.android.play:core-common:2.0.3] AndroidManifest.xml:17:13-42
244            android:theme="@style/Theme.PlayCore.Transparent" />
244-->[com.google.android.play:core-common:2.0.3] AndroidManifest.xml:18:13-62
245    </application>
246
247</manifest>